# JRE version: Java(TM) SE Runtime Environment (17.0.9+11) (build 17.0.9+11-LTS-201)
# Java VM: Java HotSpot(TM) 64-Bit Server VM (17.0.9+11-LTS-201, mixed mode, sharing, tiered, compressed oops, compressed class ptrs, g1 gc, windows-amd64)
GC Precious Log:
 CPUs: 4 total, 4 available
 Memory: 3980M
 Large Page Support: Disabled
 NUMA Support: Disabled
 Compressed Oops: Enabled (32-bit)
 Heap Region Size: 1M
 Heap Min Capacity: 8M
 Heap Initial Capacity: 64M
 Heap Max Capacity: 996M
 Pre-touch: Disabled
 Parallel Workers: 4
 Concurrent Workers: 1
 Concurrent Refinement Workers: 4
 Periodic GC: Disabled
Heap:
 garbage-first heap   total 65536K, used 20868K [0x00000000c1c00000, 0x0000000100000000)
  region size 1024K, 21 young (21504K), 2 survivors (2048K)
 Metaspace       used 7448K, committed 7616K, reserved 1114112K
  class space    used 559K, committed 640K, reserved 1048576K
GC Heap History (10 events):
Event: 2.649 GC heap before
{Heap before GC invocations=0 (full 0):
 garbage-first heap   total 65536K, used 13312K [0x00000000c1c00000, 0x0000000100000000)
  region size 1024K, 13 young (13312K), 0 survivors (0K)
 Metaspace       used 4410K, committed 4544K, reserved 1114112K
  class space    used 300K, committed 384K, reserved 1048576K
}
Event: 2.662 GC heap after
{Heap after GC invocations=1 (full 0):
 garbage-first heap   total 65536K, used 2208K [0x00000000c1c00000, 0x0000000100000000)
  region size 1024K, 2 young (2048K), 2 survivors (2048K)
 Metaspace       used 4410K, committed 4544K, reserved 1114112K
  class space    used 300K, committed 384K, reserved 1048576K
}
Event: 4.873 GC heap before
{Heap before GC invocations=1 (full 0):
 garbage-first heap   total 65536K, used 16544K [0x00000000c1c00000, 0x0000000100000000)
  region size 1024K, 17 young (17408K), 2 survivors (2048K)
 Metaspace       used 6497K, committed 6656K, reserved 1114112K
  class space    used 463K, committed 512K, reserved 1048576K
}
Event: 4.887 GC heap after
{Heap after GC invocations=2 (full 0):
 garbage-first heap   total 65536K, used 2791K [0x00000000c1c00000, 0x0000000100000000)
  region size 1024K, 1 young (1024K), 1 survivors (1024K)
 Metaspace       used 6497K, committed 6656K, reserved 1114112K
  class space    used 463K, committed 512K, reserved 1048576K
}
Event: 10.816 GC heap before
{Heap before GC invocations=2 (full 0):
 garbage-first heap   total 65536K, used 43751K [0x00000000c1c00000, 0x0000000100000000)
  region size 1024K, 38 young (38912K), 1 survivors (1024K)
 Metaspace       used 6613K, committed 6720K, reserved 1114112K
  class space    used 463K, committed 512K, reserved 1048576K
}
Event: 10.819 GC heap after
{Heap after GC invocations=3 (full 0):
 garbage-first heap   total 65536K, used 2786K [0x00000000c1c00000, 0x0000000100000000)
  region size 1024K, 1 young (1024K), 1 survivors (1024K)
 Metaspace       used 6613K, committed 6720K, reserved 1114112K
  class space    used 463K, committed 512K, reserved 1048576K
}
Event: 67.242 GC heap before
{Heap before GC invocations=3 (full 0):
 garbage-first heap   total 65536K, used 48866K [0x00000000c1c00000, 0x0000000100000000)
  region size 1024K, 22 young (22528K), 1 survivors (1024K)
 Metaspace       used 7294K, committed 7488K, reserved 1114112K
  class space    used 558K, committed 640K, reserved 1048576K
}
Event: 67.247 GC heap after
{Heap after GC invocations=4 (full 0):
 garbage-first heap   total 65536K, used 3374K [0x00000000c1c00000, 0x0000000100000000)
  region size 1024K, 2 young (2048K), 2 survivors (2048K)
 Metaspace       used 7294K, committed 7488K, reserved 1114112K
  class space    used 558K, committed 640K, reserved 1048576K
}
Event: 89.880 GC heap before
{Heap before GC invocations=4 (full 0):
 garbage-first heap   total 65536K, used 46382K [0x00000000c1c00000, 0x0000000100000000)
  region size 1024K, 38 young (38912K), 2 survivors (2048K)
 Metaspace       used 7438K, committed 7616K, reserved 1114112K
  class space    used 558K, committed 640K, reserved 1048576K
}
Event: 89.989 GC heap after
{Heap after GC invocations=5 (full 0):
 garbage-first heap   total 65536K, used 3460K [0x00000000c1c00000, 0x0000000100000000)
  region size 1024K, 2 young (2048K), 2 survivors (2048K)
 Metaspace       used 7438K, committed 7616K, reserved 1114112K
  class space    used 558K, committed 640K, reserved 1048576K
}

