# JRE version: Java(TM) SE Runtime Environment (17.0.9+11) (build 17.0.9+11-LTS-201)
# Java VM: Java HotSpot(TM) 64-Bit Server VM (17.0.9+11-LTS-201, mixed mode, sharing, tiered, compressed oops, compressed class ptrs, g1 gc, windows-amd64)
GC Precious Log:
 CPUs: 4 total, 4 available
 Memory: 3980M
 Large Page Support: Disabled
 NUMA Support: Disabled
 Compressed Oops: Enabled (32-bit)
 Heap Region Size: 1M
 Heap Min Capacity: 8M
 Heap Initial Capacity: 64M
 Heap Max Capacity: 996M
 Pre-touch: Disabled
 Parallel Workers: 4
 Concurrent Workers: 1
 Concurrent Refinement Workers: 4
 Periodic GC: Disabled
Heap:
 garbage-first heap   total 65536K, used 34284K [0x00000000c1c00000, 0x0000000100000000)
  region size 1024K, 34 young (34816K), 2 survivors (2048K)
 Metaspace       used 7437K, committed 7616K, reserved 1114112K
  class space    used 558K, committed 640K, reserved 1048576K
GC Heap History (10 events):
Event: 2.099 GC heap before
{Heap before GC invocations=0 (full 0):
 garbage-first heap   total 65536K, used 12288K [0x00000000c1c00000, 0x0000000100000000)
  region size 1024K, 13 young (13312K), 0 survivors (0K)
 Metaspace       used 4407K, committed 4544K, reserved 1114112K
  class space    used 300K, committed 384K, reserved 1048576K
}
Event: 2.109 GC heap after
{Heap after GC invocations=1 (full 0):
 garbage-first heap   total 65536K, used 2216K [0x00000000c1c00000, 0x0000000100000000)
  region size 1024K, 2 young (2048K), 2 survivors (2048K)
 Metaspace       used 4407K, committed 4544K, reserved 1114112K
  class space    used 300K, committed 384K, reserved 1048576K
}
Event: 4.522 GC heap before
{Heap before GC invocations=1 (full 0):
 garbage-first heap   total 65536K, used 16552K [0x00000000c1c00000, 0x0000000100000000)
  region size 1024K, 17 young (17408K), 2 survivors (2048K)
 Metaspace       used 6496K, committed 6656K, reserved 1114112K
  class space    used 463K, committed 512K, reserved 1048576K
}
Event: 4.530 GC heap after
{Heap after GC invocations=2 (full 0):
 garbage-first heap   total 65536K, used 2746K [0x00000000c1c00000, 0x0000000100000000)
  region size 1024K, 1 young (1024K), 1 survivors (1024K)
 Metaspace       used 6496K, committed 6656K, reserved 1114112K
  class space    used 463K, committed 512K, reserved 1048576K
}
Event: 14.237 GC heap before
{Heap before GC invocations=2 (full 0):
 garbage-first heap   total 65536K, used 43706K [0x00000000c1c00000, 0x0000000100000000)
  region size 1024K, 38 young (38912K), 1 survivors (1024K)
 Metaspace       used 6624K, committed 6720K, reserved 1114112K
  class space    used 463K, committed 512K, reserved 1048576K
}
Event: 14.240 GC heap after
{Heap after GC invocations=3 (full 0):
 garbage-first heap   total 65536K, used 2777K [0x00000000c1c00000, 0x0000000100000000)
  region size 1024K, 1 young (1024K), 1 survivors (1024K)
 Metaspace       used 6624K, committed 6720K, reserved 1114112K
  class space    used 463K, committed 512K, reserved 1048576K
}
Event: 78.520 GC heap before
{Heap before GC invocations=3 (full 0):
 garbage-first heap   total 65536K, used 48857K [0x00000000c1c00000, 0x0000000100000000)
  region size 1024K, 22 young (22528K), 1 survivors (1024K)
 Metaspace       used 7288K, committed 7488K, reserved 1114112K
  class space    used 558K, committed 640K, reserved 1048576K
}
Event: 78.536 GC heap after
{Heap after GC invocations=4 (full 0):
 garbage-first heap   total 65536K, used 3411K [0x00000000c1c00000, 0x0000000100000000)
  region size 1024K, 2 young (2048K), 2 survivors (2048K)
 Metaspace       used 7288K, committed 7488K, reserved 1114112K
  class space    used 558K, committed 640K, reserved 1048576K
}
Event: 102.652 GC heap before
{Heap before GC invocations=4 (full 0):
 garbage-first heap   total 65536K, used 44371K [0x00000000c1c00000, 0x0000000100000000)
  region size 1024K, 38 young (38912K), 2 survivors (2048K)
 Metaspace       used 7432K, committed 7616K, reserved 1114112K
  class space    used 558K, committed 640K, reserved 1048576K
}
Event: 102.767 GC heap after
{Heap after GC invocations=5 (full 0):
 garbage-first heap   total 65536K, used 3564K [0x00000000c1c00000, 0x0000000100000000)
  region size 1024K, 2 young (2048K), 2 survivors (2048K)
 Metaspace       used 7432K, committed 7616K, reserved 1114112K
  class space    used 558K, committed 640K, reserved 1048576K
}

